<?xml version="1.0" encoding="UTF-8"?>
<!-- Generated by org.testng.reporters.JUnitReportReporter -->
<testsuite skipped="0" hostname="DESKTOP-CVK78J7" name="TestRunner.TestRunner" tests="5" failures="0" timestamp="2021-04-27T08:09:44 IST" time="78.103" errors="0">
  <testcase name="runScenario" time="15.945" classname="TestRunner.TestRunner"/>
  <system-out/>
  <testcase name="runScenario" time="12.070" classname="TestRunner.TestRunner"/>
  <system-out/>
  <testcase name="runScenario" time="23.798" classname="TestRunner.TestRunner"/>
  <system-out/>
  <testcase name="runScenario" time="12.306" classname="TestRunner.TestRunner"/>
  <system-out/>
  <testcase name="runScenario" time="13.984" classname="TestRunner.TestRunner"/>
  <system-out/>
</testsuite> <!-- TestRunner.TestRunner -->
