<?xml version="1.0" encoding="UTF-8"?>
<!-- Generated by org.testng.reporters.JUnitReportReporter -->
<testsuite skipped="0" hostname="DESKTOP-CVK78J7" name="TestRunner.TestRunner" tests="5" failures="0" timestamp="2021-04-26T17:31:19 IST" time="92.914" errors="0">
  <testcase name="runScenario" time="13.579" classname="TestRunner.TestRunner"/>
  <system-out/>
  <testcase name="runScenario" time="28.157" classname="TestRunner.TestRunner"/>
  <system-out/>
  <testcase name="runScenario" time="22.876" classname="TestRunner.TestRunner"/>
  <system-out/>
  <testcase name="runScenario" time="14.508" classname="TestRunner.TestRunner"/>
  <system-out/>
  <testcase name="runScenario" time="13.794" classname="TestRunner.TestRunner"/>
  <system-out/>
</testsuite> <!-- TestRunner.TestRunner -->
